<?xml version="1.0" encoding="UTF-8"?>
<testng-results skipped="0" failed="0" ignored="0" total="1" passed="1">
  <reporter-output>
  </reporter-output>
  <suite name="NewTest" duration-ms="12086" started-at="2018-12-24T18:41:26Z" finished-at="2018-12-24T18:41:38Z">
    <groups>
    </groups>
    <test name="Command line test" duration-ms="12086" started-at="2018-12-24T18:41:26Z" finished-at="2018-12-24T18:41:38Z">
      <class name="NewTest">
        <test-method status="PASS" signature="f()[pri:0, instance:NewTest@380fb434]" name="f" duration-ms="12055" started-at="2018-12-24T18:41:26Z" finished-at="2018-12-24T18:41:38Z">
          <reporter-output>
          </reporter-output>
        </test-method> <!-- f -->
      </class> <!-- NewTest -->
    </test> <!-- Command line test -->
  </suite> <!-- NewTest -->
</testng-results>
