<?xml version="1.0" encoding="UTF-8"?>
<testng-results skipped="0" failed="0" ignored="0" total="1" passed="1">
  <reporter-output>
  </reporter-output>
  <suite name="Suite" duration-ms="14154" started-at="2018-12-24T18:41:00Z" finished-at="2018-12-24T18:41:15Z">
    <groups>
    </groups>
    <test name="Test" duration-ms="14154" started-at="2018-12-24T18:41:00Z" finished-at="2018-12-24T18:41:15Z">
      <class name="NewTest">
        <test-method status="PASS" signature="f()[pri:0, instance:NewTest@61832929]" name="f" duration-ms="14123" started-at="2018-12-24T18:41:00Z" finished-at="2018-12-24T18:41:15Z">
          <reporter-output>
          </reporter-output>
        </test-method> <!-- f -->
      </class> <!-- NewTest -->
    </test> <!-- Test -->
  </suite> <!-- Suite -->
</testng-results>
